<?xml version="1.0" encoding="UTF-8"?>
<!-- Generated by org.testng.reporters.JUnitReportReporter -->
<testsuite hostname="LAPTOP-T092GFGL" failures="0" tests="5" name="Omnitracs.SeleniumEasyDemo.InputFormDemoTest" time="11.197" errors="0" timestamp="2022-03-13T22:00:44 IST" skipped="0">
  <testcase classname="Omnitracs.SeleniumEasyDemo.InputFormDemoTest" name="dropDownDemo" time="1.599"/>
  <system-out/>
  <testcase classname="Omnitracs.SeleniumEasyDemo.InputFormDemoTest" name="sampleInputFormDemo" time="2.049"/>
  <system-out/>
  <testcase classname="Omnitracs.SeleniumEasyDemo.InputFormDemoTest" name="checkBoxDemo" time="1.968"/>
  <system-out/>
  <testcase classname="Omnitracs.SeleniumEasyDemo.InputFormDemoTest" name="inputFormDemo" time="4.458"/>
  <system-out/>
  <testcase classname="Omnitracs.SeleniumEasyDemo.InputFormDemoTest" name="radioButtonDemo" time="1.123"/>
  <system-out/>
</testsuite> <!-- Omnitracs.SeleniumEasyDemo.InputFormDemoTest -->
