<?xml version="1.0" encoding="UTF-8"?>
<!-- Generated by org.testng.reporters.JUnitReportReporter -->
<testsuite hostname="LAPTOP-T092GFGL" failures="0" tests="1" name="Omnitracs.SeleniumEasyDemo.AlertsDemoTest" time="6.925" errors="0" timestamp="2022-04-01T16:55:28 IST" skipped="0">
  <testcase classname="Omnitracs.SeleniumEasyDemo.AlertsDemoTest" name="javaScriptAlertDemo" time="6.925"/>
  <system-out/>
</testsuite> <!-- Omnitracs.SeleniumEasyDemo.AlertsDemoTest -->
