<?xml version="1.0" encoding="UTF-8"?>
<!-- Generated by org.testng.reporters.JUnitReportReporter -->
<testsuite hostname="LAPTOP-T092GFGL" failures="0" tests="1" name="Omnitracs.SeleniumEasyDemo.DatePickerDemoTest" time="5.844" errors="0" timestamp="2022-03-13T22:00:44 IST" skipped="0">
  <testcase classname="Omnitracs.SeleniumEasyDemo.DatePickerDemoTest" name="BootstrapDatePicker" time="5.844"/>
  <system-out/>
</testsuite> <!-- Omnitracs.SeleniumEasyDemo.DatePickerDemoTest -->
